Determining if the pthread_create exist failed with the following output:
Change Dir: /home/pi/mjpg-streamer/mjpg-streamer-experimental/_build/CMakeFiles/CMakeTmp

Run Build Command:"/usr/bin/make" "cmTryCompileExec3490267580/fast"
make[1]: Entering directory '/home/pi/mjpg-streamer/mjpg-streamer-experimental/_build/CMakeFiles/CMakeTmp'
/usr/bin/make -f CMakeFiles/cmTryCompileExec3490267580.dir/build.make CMakeFiles/cmTryCompileExec3490267580.dir/build
make[2]: Entering directory '/home/pi/mjpg-streamer/mjpg-streamer-experimental/_build/CMakeFiles/CMakeTmp'
/usr/bin/cmake -E cmake_progress_report /home/pi/mjpg-streamer/mjpg-streamer-experimental/_build/CMakeFiles/CMakeTmp/CMakeFiles 1
Building C object CMakeFiles/cmTryCompileExec3490267580.dir/CheckSymbolExists.c.o
/usr/bin/cc    -o CMakeFiles/cmTryCompileExec3490267580.dir/CheckSymbolExists.c.o   -c /home/pi/mjpg-streamer/mjpg-streamer-experimental/_build/CMakeFiles/CMakeTmp/CheckSymbolExists.c
Linking C executable cmTryCompileExec3490267580
/usr/bin/cmake -E cmake_link_script CMakeFiles/cmTryCompileExec3490267580.dir/link.txt --verbose=1
/usr/bin/cc       CMakeFiles/cmTryCompileExec3490267580.dir/CheckSymbolExists.c.o  -o cmTryCompileExec3490267580 -rdynamic 
CMakeFiles/cmTryCompileExec3490267580.dir/CheckSymbolExists.c.o: In function `main':
CheckSymbolExists.c:(.text+0x38): undefined reference to `pthread_create'
collect2: error: ld returned 1 exit status
CMakeFiles/cmTryCompileExec3490267580.dir/build.make:88: recipe for target 'cmTryCompileExec3490267580' failed
make[2]: Leaving directory '/home/pi/mjpg-streamer/mjpg-streamer-experimental/_build/CMakeFiles/CMakeTmp'
make[2]: *** [cmTryCompileExec3490267580] Error 1
Makefile:118: recipe for target 'cmTryCompileExec3490267580/fast' failed
make[1]: Leaving directory '/home/pi/mjpg-streamer/mjpg-streamer-experimental/_build/CMakeFiles/CMakeTmp'
make[1]: *** [cmTryCompileExec3490267580/fast] Error 2

File /home/pi/mjpg-streamer/mjpg-streamer-experimental/_build/CMakeFiles/CMakeTmp/CheckSymbolExists.c:
/* */
#include <pthread.h>

int main(int argc, char** argv)
{
  (void)argv;
#ifndef pthread_create
  return ((int*)(&pthread_create))[argc];
#else
  (void)argc;
  return 0;
#endif
}

Determining if the function pthread_create exists in the pthreads failed with the following output:
Change Dir: /home/pi/mjpg-streamer/mjpg-streamer-experimental/_build/CMakeFiles/CMakeTmp

Run Build Command:"/usr/bin/make" "cmTryCompileExec3772443500/fast"
make[1]: Entering directory '/home/pi/mjpg-streamer/mjpg-streamer-experimental/_build/CMakeFiles/CMakeTmp'
/usr/bin/make -f CMakeFiles/cmTryCompileExec3772443500.dir/build.make CMakeFiles/cmTryCompileExec3772443500.dir/build
make[2]: Entering directory '/home/pi/mjpg-streamer/mjpg-streamer-experimental/_build/CMakeFiles/CMakeTmp'
/usr/bin/cmake -E cmake_progress_report /home/pi/mjpg-streamer/mjpg-streamer-experimental/_build/CMakeFiles/CMakeTmp/CMakeFiles 1
Building C object CMakeFiles/cmTryCompileExec3772443500.dir/CheckFunctionExists.c.o
/usr/bin/cc   -DCHECK_FUNCTION_EXISTS=pthread_create   -o CMakeFiles/cmTryCompileExec3772443500.dir/CheckFunctionExists.c.o   -c /usr/share/cmake-3.0/Modules/CheckFunctionExists.c
Linking C executable cmTryCompileExec3772443500
/usr/bin/cmake -E cmake_link_script CMakeFiles/cmTryCompileExec3772443500.dir/link.txt --verbose=1
/usr/bin/cc   -DCHECK_FUNCTION_EXISTS=pthread_create    CMakeFiles/cmTryCompileExec3772443500.dir/CheckFunctionExists.c.o  -o cmTryCompileExec3772443500 -rdynamic -lpthreads 
/usr/bin/ld: cannot find -lpthreads
collect2: error: ld returned 1 exit status
CMakeFiles/cmTryCompileExec3772443500.dir/build.make:88: recipe for target 'cmTryCompileExec3772443500' failed
make[2]: Leaving directory '/home/pi/mjpg-streamer/mjpg-streamer-experimental/_build/CMakeFiles/CMakeTmp'
make[2]: *** [cmTryCompileExec3772443500] Error 1
Makefile:118: recipe for target 'cmTryCompileExec3772443500/fast' failed
make[1]: Leaving directory '/home/pi/mjpg-streamer/mjpg-streamer-experimental/_build/CMakeFiles/CMakeTmp'
make[1]: *** [cmTryCompileExec3772443500/fast] Error 2


